c:\users\jones\source\repos\dungeonmaster\debug\dm.pch
c:\users\jones\source\repos\dungeonmaster\debug\vc143.pdb
c:\users\jones\source\repos\dungeonmaster\debug\vc143.idb
c:\users\jones\source\repos\dungeonmaster\debug\stdafx.obj
c:\users\jones\source\repos\dungeonmaster\debug\cdoorpic.obj
c:\users\jones\source\repos\dungeonmaster\debug\character.obj
c:\users\jones\source\repos\dungeonmaster\debug\mumie.obj
c:\users\jones\source\repos\dungeonmaster\debug\cpictures.obj
c:\users\jones\source\repos\dungeonmaster\debug\chelpfulvalues.obj
c:\users\jones\source\repos\dungeonmaster\debug\decoration.obj
c:\users\jones\source\repos\dungeonmaster\debug\dm.obj
c:\users\jones\source\repos\dungeonmaster\debug\dmdoc.obj
c:\users\jones\source\repos\dungeonmaster\debug\dmview.obj
c:\users\jones\source\repos\dungeonmaster\debug\feld.obj
c:\users\jones\source\repos\dungeonmaster\debug\grpchar.obj
c:\users\jones\source\repos\dungeonmaster\debug\grpheld.obj
c:\users\jones\source\repos\dungeonmaster\debug\grpmonster.obj
c:\users\jones\source\repos\dungeonmaster\debug\held.obj
c:\users\jones\source\repos\dungeonmaster\debug\mainfrm.obj
c:\users\jones\source\repos\dungeonmaster\debug\monster.obj
c:\users\jones\source\repos\dungeonmaster\debug\raumview.obj
c:\users\jones\source\repos\dungeonmaster\debug\rucksack.obj
c:\users\jones\source\repos\dungeonmaster\debug\skelett.obj
c:\users\jones\source\repos\dungeonmaster\debug\zauberview.obj
c:\users\jones\source\repos\dungeonmaster\debug\cdungeonmap.obj
c:\users\jones\source\repos\dungeonmaster\debug\cscreencoords.obj
c:\users\jones\source\repos\dungeonmaster\debug\cfountainpic.obj
c:\users\jones\source\repos\dungeonmaster\debug\cwallpic.obj
c:\users\jones\source\repos\dungeonmaster\debug\cbasepictures.obj
c:\users\jones\source\repos\dungeonmaster\debug\cdoor.obj
c:\users\jones\source\repos\dungeonmaster\debug\cleverpic.obj
c:\users\jones\source\repos\dungeonmaster\debug\tinyxmlparser.obj
c:\users\jones\source\repos\dungeonmaster\debug\tinyxml.obj
c:\users\jones\source\repos\dungeonmaster\debug\dm.ilk
c:\users\jones\source\repos\dungeonmaster\debug\dm.exe
c:\users\jones\source\repos\dungeonmaster\debug\dm.pdb
c:\users\jones\source\repos\dungeonmaster\debug\dm.res
c:\users\jones\source\repos\dungeonmaster\debug\dm.tlog\cl.command.1.tlog
c:\users\jones\source\repos\dungeonmaster\debug\dm.tlog\cl.read.1.tlog
c:\users\jones\source\repos\dungeonmaster\debug\dm.tlog\cl.write.1.tlog
c:\users\jones\source\repos\dungeonmaster\debug\dm.tlog\link.command.1.tlog
c:\users\jones\source\repos\dungeonmaster\debug\dm.tlog\link.read.1.tlog
c:\users\jones\source\repos\dungeonmaster\debug\dm.tlog\link.write.1.tlog
c:\users\jones\source\repos\dungeonmaster\debug\dm.tlog\rc.command.1.tlog
c:\users\jones\source\repos\dungeonmaster\debug\dm.tlog\rc.read.1.tlog
c:\users\jones\source\repos\dungeonmaster\debug\dm.tlog\rc.write.1.tlog
